<?xml version="1.0" encoding="UTF-8"?>
<coverage generated="1666675943047" clover="3.2.0">
  <project timestamp="1666675943047" name="All files">
    <metrics statements="74" coveredstatements="73" conditionals="43" coveredconditionals="40" methods="19" coveredmethods="19" elements="136" coveredelements="132" complexity="0" loc="74" ncloc="74" packages="2" files="6" classes="6"/>
    <package name="src">
      <metrics statements="30" coveredstatements="29" conditionals="14" coveredconditionals="13" methods="6" coveredmethods="6"/>
      <file name="buildTree.js" path="/home/logan46/backend-project-46/src/buildTree.js">
        <metrics statements="15" coveredstatements="15" conditionals="10" coveredconditionals="10" methods="2" coveredmethods="2"/>
        <line num="3" count="1" type="stmt"/>
        <line num="4" count="20" type="stmt"/>
        <line num="5" count="20" type="stmt"/>
        <line num="6" count="20" type="stmt"/>
        <line num="7" count="72" type="stmt"/>
        <line num="8" count="72" type="stmt"/>
        <line num="9" count="72" type="cond" truecount="2" falsecount="0"/>
        <line num="10" count="20" type="stmt"/>
        <line num="12" count="52" type="cond" truecount="2" falsecount="0"/>
        <line num="13" count="8" type="stmt"/>
        <line num="15" count="44" type="cond" truecount="4" falsecount="0"/>
        <line num="16" count="16" type="stmt"/>
        <line num="18" count="28" type="cond" truecount="2" falsecount="0"/>
        <line num="19" count="16" type="stmt"/>
        <line num="23" count="12" type="stmt"/>
      </file>
      <file name="index.js" path="/home/logan46/backend-project-46/src/index.js">
        <metrics statements="11" coveredstatements="11" conditionals="1" coveredconditionals="1" methods="3" coveredmethods="3"/>
        <line num="7" count="8" type="stmt"/>
        <line num="8" count="8" type="stmt"/>
        <line num="10" count="1" type="cond" truecount="1" falsecount="0"/>
        <line num="11" count="4" type="stmt"/>
        <line num="12" count="4" type="stmt"/>
        <line num="13" count="4" type="stmt"/>
        <line num="14" count="4" type="stmt"/>
        <line num="15" count="4" type="stmt"/>
        <line num="16" count="4" type="stmt"/>
        <line num="17" count="4" type="stmt"/>
        <line num="18" count="4" type="stmt"/>
      </file>
      <file name="parsers.js" path="/home/logan46/backend-project-46/src/parsers.js">
        <metrics statements="4" coveredstatements="3" conditionals="3" coveredconditionals="2" methods="1" coveredmethods="1"/>
        <line num="4" count="8" type="cond" truecount="2" falsecount="1"/>
        <line num="6" count="6" type="stmt"/>
        <line num="8" count="2" type="stmt"/>
        <line num="10" count="0" type="stmt"/>
      </file>
    </package>
    <package name="src.formatters">
      <metrics statements="44" coveredstatements="44" conditionals="29" coveredconditionals="27" methods="13" coveredmethods="13"/>
      <file name="index.js" path="/home/logan46/backend-project-46/src/formatters/index.js">
        <metrics statements="5" coveredstatements="5" conditionals="5" coveredconditionals="4" methods="1" coveredmethods="1"/>
        <line num="5" count="5" type="cond" truecount="4" falsecount="0"/>
        <line num="7" count="2" type="stmt"/>
        <line num="9" count="1" type="stmt"/>
        <line num="11" count="1" type="stmt"/>
        <line num="13" count="1" type="stmt"/>
      </file>
      <file name="plain.js" path="/home/logan46/backend-project-46/src/formatters/plain.js">
        <metrics statements="19" coveredstatements="19" conditionals="15" coveredconditionals="15" methods="5" coveredmethods="5"/>
        <line num="1" count="1" type="stmt"/>
        <line num="2" count="13" type="cond" truecount="4" falsecount="0"/>
        <line num="3" count="3" type="stmt"/>
        <line num="4" count="10" type="cond" truecount="2" falsecount="0"/>
        <line num="5" count="7" type="stmt"/>
        <line num="6" count="3" type="cond" truecount="2" falsecount="0"/>
        <line num="7" count="1" type="stmt"/>
        <line num="9" count="2" type="stmt"/>
        <line num="12" count="1" type="stmt"/>
        <line num="13" count="6" type="stmt"/>
        <line num="14" count="19" type="stmt"/>
        <line num="16" count="16" type="cond" truecount="2" falsecount="0"/>
        <line num="17" count="16" type="cond" truecount="5" falsecount="0"/>
        <line num="19" count="5" type="stmt"/>
        <line num="21" count="2" type="stmt"/>
        <line num="23" count="4" type="stmt"/>
        <line num="25" count="4" type="stmt"/>
        <line num="27" count="1" type="stmt"/>
        <line num="30" count="2" type="stmt"/>
      </file>
      <file name="stylish.js" path="/home/logan46/backend-project-46/src/formatters/stylish.js">
        <metrics statements="20" coveredstatements="20" conditionals="9" coveredconditionals="8" methods="7" coveredmethods="7"/>
        <line num="3" count="1" type="stmt"/>
        <line num="4" count="84" type="stmt"/>
        <line num="5" count="84" type="stmt"/>
        <line num="8" count="1" type="cond" truecount="0" falsecount="1"/>
        <line num="9" count="54" type="cond" truecount="2" falsecount="0"/>
        <line num="10" count="40" type="stmt"/>
        <line num="12" count="14" type="stmt"/>
        <line num="13" count="18" type="stmt"/>
        <line num="14" count="14" type="stmt"/>
        <line num="17" count="1" type="stmt"/>
        <line num="18" count="11" type="stmt"/>
        <line num="19" count="37" type="stmt"/>
        <line num="20" count="37" type="cond" truecount="6" falsecount="0"/>
        <line num="22" count="10" type="stmt"/>
        <line num="24" count="4" type="stmt"/>
        <line num="26" count="6" type="stmt"/>
        <line num="28" count="8" type="stmt"/>
        <line num="30" count="8" type="stmt"/>
        <line num="32" count="1" type="stmt"/>
        <line num="35" count="3" type="stmt"/>
      </file>
    </package>
  </project>
</coverage>
