{"/home/logan46/backend-project-46/src/buildTree.js": {"path":"/home/logan46/backend-project-46/src/buildTree.js","statementMap":{"0":{"start":{"line":4,"column":15},"end":{"line":4,"column":50}},"1":{"start":{"line":5,"column":21},"end":{"line":5,"column":35}},"2":{"start":{"line":6,"column":2},"end":{"line":21,"column":5}},"3":{"start":{"line":7,"column":19},"end":{"line":7,"column":29}},"4":{"start":{"line":8,"column":19},"end":{"line":8,"column":29}},"5":{"start":{"line":9,"column":4},"end":{"line":11,"column":5}},"6":{"start":{"line":10,"column":6},"end":{"line":10,"column":47}},"7":{"start":{"line":12,"column":4},"end":{"line":14,"column":5}},"8":{"start":{"line":13,"column":6},"end":{"line":13,"column":50}},"9":{"start":{"line":15,"column":4},"end":{"line":19,"column":5}},"10":{"start":{"line":16,"column":6},"end":{"line":18,"column":8}},"11":{"start":{"line":20,"column":4},"end":{"line":20,"column":46}}},"fnMap":{"0":{"name":"(anonymous_0)","decl":{"start":{"line":3,"column":15},"end":{"line":3,"column":16}},"loc":{"start":{"line":3,"column":33},"end":{"line":22,"column":1}},"line":3},"1":{"name":"(anonymous_1)","decl":{"start":{"line":6,"column":24},"end":{"line":6,"column":25}},"loc":{"start":{"line":6,"column":33},"end":{"line":21,"column":3}},"line":6}},"branchMap":{"0":{"loc":{"start":{"line":9,"column":4},"end":{"line":11,"column":5}},"type":"if","locations":[{"start":{"line":9,"column":4},"end":{"line":11,"column":5}},{"start":{},"end":{}}],"line":9},"1":{"loc":{"start":{"line":12,"column":4},"end":{"line":14,"column":5}},"type":"if","locations":[{"start":{"line":12,"column":4},"end":{"line":14,"column":5}},{"start":{},"end":{}}],"line":12},"2":{"loc":{"start":{"line":15,"column":4},"end":{"line":19,"column":5}},"type":"if","locations":[{"start":{"line":15,"column":4},"end":{"line":19,"column":5}},{"start":{},"end":{}}],"line":15}},"s":{"0":2,"1":2,"2":2,"3":10,"4":10,"5":10,"6":2,"7":8,"8":4,"9":4,"10":2,"11":2},"f":{"0":2,"1":10},"b":{"0":[2,8],"1":[4,4],"2":[2,2]},"_coverageSchema":"1a1c01bbd47fc00a2c39e90264f33305004495a9","hash":"48abd4d9ddaf8bcc24a770ac09bf8683db67cbf3"}
,"/home/logan46/backend-project-46/src/index.js": {"path":"/home/logan46/backend-project-46/src/index.js","statementMap":{"0":{"start":{"line":7,"column":17},"end":{"line":7,"column":101}},"1":{"start":{"line":7,"column":31},"end":{"line":7,"column":101}},"2":{"start":{"line":8,"column":22},"end":{"line":8,"column":67}},"3":{"start":{"line":8,"column":36},"end":{"line":8,"column":67}},"4":{"start":{"line":10,"column":16},"end":{"line":19,"column":1}},"5":{"start":{"line":11,"column":22},"end":{"line":11,"column":46}},"6":{"start":{"line":12,"column":22},"end":{"line":12,"column":46}},"7":{"start":{"line":13,"column":23},"end":{"line":13,"column":42}},"8":{"start":{"line":14,"column":23},"end":{"line":14,"column":42}},"9":{"start":{"line":15,"column":15},"end":{"line":15,"column":47}},"10":{"start":{"line":16,"column":15},"end":{"line":16,"column":47}},"11":{"start":{"line":17,"column":20},"end":{"line":17,"column":41}},"12":{"start":{"line":18,"column":2},"end":{"line":18,"column":27}}},"fnMap":{"0":{"name":"(anonymous_0)","decl":{"start":{"line":7,"column":17},"end":{"line":7,"column":18}},"loc":{"start":{"line":7,"column":31},"end":{"line":7,"column":101}},"line":7},"1":{"name":"(anonymous_1)","decl":{"start":{"line":8,"column":22},"end":{"line":8,"column":23}},"loc":{"start":{"line":8,"column":36},"end":{"line":8,"column":67}},"line":8},"2":{"name":"(anonymous_2)","decl":{"start":{"line":10,"column":16},"end":{"line":10,"column":17}},"loc":{"start":{"line":10,"column":42},"end":{"line":19,"column":1}},"line":10}},"branchMap":{},"s":{"0":1,"1":4,"2":1,"3":4,"4":1,"5":2,"6":2,"7":2,"8":2,"9":2,"10":2,"11":2,"12":2},"f":{"0":4,"1":4,"2":2},"b":{},"_coverageSchema":"1a1c01bbd47fc00a2c39e90264f33305004495a9","hash":"08d57a2e54e4150add82113cd0d9b694d4edd043"}
,"/home/logan46/backend-project-46/src/parsers.js": {"path":"/home/logan46/backend-project-46/src/parsers.js","statementMap":{"0":{"start":{"line":4,"column":2},"end":{"line":11,"column":3}},"1":{"start":{"line":6,"column":6},"end":{"line":6,"column":30}},"2":{"start":{"line":8,"column":6},"end":{"line":8,"column":29}},"3":{"start":{"line":10,"column":6},"end":{"line":10,"column":61}}},"fnMap":{"0":{"name":"(anonymous_0)","decl":{"start":{"line":3,"column":15},"end":{"line":3,"column":16}},"loc":{"start":{"line":3,"column":33},"end":{"line":12,"column":1}},"line":3}},"branchMap":{"0":{"loc":{"start":{"line":4,"column":2},"end":{"line":11,"column":3}},"type":"switch","locations":[{"start":{"line":5,"column":4},"end":{"line":6,"column":30}},{"start":{"line":7,"column":4},"end":{"line":8,"column":29}},{"start":{"line":9,"column":4},"end":{"line":10,"column":61}}],"line":4}},"s":{"0":5,"1":2,"2":2,"3":1},"f":{"0":5},"b":{"0":[2,2,1]},"_coverageSchema":"1a1c01bbd47fc00a2c39e90264f33305004495a9","hash":"b960aee43541bc397e113de5d05203ab395b5bfc"}
,"/home/logan46/backend-project-46/src/formatters/index.js": {"path":"/home/logan46/backend-project-46/src/formatters/index.js","statementMap":{"0":{"start":{"line":2,"column":2},"end":{"line":2,"column":42}},"1":{"start":{"line":2,"column":28},"end":{"line":2,"column":40}},"2":{"start":{"line":3,"column":17},"end":{"line":16,"column":4}},"3":{"start":{"line":4,"column":4},"end":{"line":15,"column":5}},"4":{"start":{"line":6,"column":8},"end":{"line":6,"column":46}},"5":{"start":{"line":8,"column":8},"end":{"line":8,"column":46}},"6":{"start":{"line":10,"column":8},"end":{"line":10,"column":46}},"7":{"start":{"line":12,"column":8},"end":{"line":12,"column":78}},"8":{"start":{"line":14,"column":8},"end":{"line":14,"column":66}},"9":{"start":{"line":17,"column":2},"end":{"line":17,"column":40}}},"fnMap":{"0":{"name":"(anonymous_0)","decl":{"start":{"line":1,"column":15},"end":{"line":1,"column":16}},"loc":{"start":{"line":1,"column":30},"end":{"line":18,"column":1}},"line":1},"1":{"name":"(anonymous_1)","decl":{"start":{"line":3,"column":31},"end":{"line":3,"column":32}},"loc":{"start":{"line":3,"column":41},"end":{"line":16,"column":3}},"line":3}},"branchMap":{"0":{"loc":{"start":{"line":2,"column":2},"end":{"line":2,"column":42}},"type":"if","locations":[{"start":{"line":2,"column":2},"end":{"line":2,"column":42}},{"start":{},"end":{}}],"line":2},"1":{"loc":{"start":{"line":4,"column":4},"end":{"line":15,"column":5}},"type":"switch","locations":[{"start":{"line":5,"column":6},"end":{"line":6,"column":46}},{"start":{"line":7,"column":6},"end":{"line":8,"column":46}},{"start":{"line":9,"column":6},"end":{"line":10,"column":46}},{"start":{"line":11,"column":6},"end":{"line":12,"column":78}},{"start":{"line":13,"column":6},"end":{"line":14,"column":66}}],"line":4}},"s":{"0":3,"1":0,"2":3,"3":11,"4":2,"5":4,"6":2,"7":2,"8":1,"9":2},"f":{"0":3,"1":11},"b":{"0":[0,3],"1":[2,4,2,2,1]},"_coverageSchema":"1a1c01bbd47fc00a2c39e90264f33305004495a9","hash":"f5e3d3271d1de2fb6d0c7dc463afb16910421ae5"}
}
