{"/home/logan46/backend-project-46/src/buildTree.js": {"path":"/home/logan46/backend-project-46/src/buildTree.js","statementMap":{"0":{"start":{"line":3,"column":18},"end":{"line":25,"column":1}},"1":{"start":{"line":4,"column":15},"end":{"line":4,"column":50}},"2":{"start":{"line":5,"column":21},"end":{"line":5,"column":35}},"3":{"start":{"line":6,"column":2},"end":{"line":24,"column":5}},"4":{"start":{"line":7,"column":19},"end":{"line":7,"column":29}},"5":{"start":{"line":8,"column":19},"end":{"line":8,"column":29}},"6":{"start":{"line":9,"column":4},"end":{"line":11,"column":5}},"7":{"start":{"line":10,"column":6},"end":{"line":10,"column":47}},"8":{"start":{"line":12,"column":4},"end":{"line":14,"column":5}},"9":{"start":{"line":13,"column":6},"end":{"line":13,"column":50}},"10":{"start":{"line":15,"column":4},"end":{"line":17,"column":5}},"11":{"start":{"line":16,"column":6},"end":{"line":16,"column":77}},"12":{"start":{"line":18,"column":4},"end":{"line":22,"column":5}},"13":{"start":{"line":19,"column":6},"end":{"line":21,"column":8}},"14":{"start":{"line":23,"column":4},"end":{"line":23,"column":46}}},"fnMap":{"0":{"name":"(anonymous_0)","decl":{"start":{"line":3,"column":18},"end":{"line":3,"column":19}},"loc":{"start":{"line":3,"column":36},"end":{"line":25,"column":1}},"line":3},"1":{"name":"(anonymous_1)","decl":{"start":{"line":6,"column":24},"end":{"line":6,"column":25}},"loc":{"start":{"line":6,"column":33},"end":{"line":24,"column":3}},"line":6}},"branchMap":{"0":{"loc":{"start":{"line":9,"column":4},"end":{"line":11,"column":5}},"type":"if","locations":[{"start":{"line":9,"column":4},"end":{"line":11,"column":5}},{"start":{},"end":{}}],"line":9},"1":{"loc":{"start":{"line":12,"column":4},"end":{"line":14,"column":5}},"type":"if","locations":[{"start":{"line":12,"column":4},"end":{"line":14,"column":5}},{"start":{},"end":{}}],"line":12},"2":{"loc":{"start":{"line":15,"column":4},"end":{"line":17,"column":5}},"type":"if","locations":[{"start":{"line":15,"column":4},"end":{"line":17,"column":5}},{"start":{},"end":{}}],"line":15},"3":{"loc":{"start":{"line":15,"column":8},"end":{"line":15,"column":58}},"type":"binary-expr","locations":[{"start":{"line":15,"column":8},"end":{"line":15,"column":31}},{"start":{"line":15,"column":35},"end":{"line":15,"column":58}}],"line":15},"4":{"loc":{"start":{"line":18,"column":4},"end":{"line":22,"column":5}},"type":"if","locations":[{"start":{"line":18,"column":4},"end":{"line":22,"column":5}},{"start":{},"end":{}}],"line":18}},"s":{"0":1,"1":20,"2":20,"3":20,"4":72,"5":72,"6":72,"7":20,"8":52,"9":8,"10":44,"11":16,"12":28,"13":16,"14":12},"f":{"0":20,"1":72},"b":{"0":[20,52],"1":[8,44],"2":[16,28],"3":[44,20],"4":[16,12]},"_coverageSchema":"1a1c01bbd47fc00a2c39e90264f33305004495a9","hash":"b6e36250ca9c4c8da2def43c3f94e911900118d2"}
,"/home/logan46/backend-project-46/src/index.js": {"path":"/home/logan46/backend-project-46/src/index.js","statementMap":{"0":{"start":{"line":7,"column":17},"end":{"line":7,"column":101}},"1":{"start":{"line":7,"column":31},"end":{"line":7,"column":101}},"2":{"start":{"line":8,"column":22},"end":{"line":8,"column":67}},"3":{"start":{"line":8,"column":36},"end":{"line":8,"column":67}},"4":{"start":{"line":10,"column":16},"end":{"line":19,"column":1}},"5":{"start":{"line":11,"column":22},"end":{"line":11,"column":46}},"6":{"start":{"line":12,"column":22},"end":{"line":12,"column":46}},"7":{"start":{"line":13,"column":23},"end":{"line":13,"column":42}},"8":{"start":{"line":14,"column":23},"end":{"line":14,"column":42}},"9":{"start":{"line":15,"column":15},"end":{"line":15,"column":47}},"10":{"start":{"line":16,"column":15},"end":{"line":16,"column":47}},"11":{"start":{"line":17,"column":20},"end":{"line":17,"column":41}},"12":{"start":{"line":18,"column":2},"end":{"line":18,"column":39}}},"fnMap":{"0":{"name":"(anonymous_0)","decl":{"start":{"line":7,"column":17},"end":{"line":7,"column":18}},"loc":{"start":{"line":7,"column":31},"end":{"line":7,"column":101}},"line":7},"1":{"name":"(anonymous_1)","decl":{"start":{"line":8,"column":22},"end":{"line":8,"column":23}},"loc":{"start":{"line":8,"column":36},"end":{"line":8,"column":67}},"line":8},"2":{"name":"(anonymous_2)","decl":{"start":{"line":10,"column":16},"end":{"line":10,"column":17}},"loc":{"start":{"line":10,"column":66},"end":{"line":19,"column":1}},"line":10}},"branchMap":{"0":{"loc":{"start":{"line":10,"column":39},"end":{"line":10,"column":61}},"type":"default-arg","locations":[{"start":{"line":10,"column":52},"end":{"line":10,"column":61}}],"line":10}},"s":{"0":1,"1":8,"2":1,"3":8,"4":1,"5":4,"6":4,"7":4,"8":4,"9":4,"10":4,"11":4,"12":4},"f":{"0":8,"1":8,"2":4},"b":{"0":[1]},"_coverageSchema":"1a1c01bbd47fc00a2c39e90264f33305004495a9","hash":"6858f5412c9b5e822412c40135b52a7d75dcb502"}
,"/home/logan46/backend-project-46/src/parsers.js": {"path":"/home/logan46/backend-project-46/src/parsers.js","statementMap":{"0":{"start":{"line":4,"column":2},"end":{"line":11,"column":3}},"1":{"start":{"line":6,"column":6},"end":{"line":6,"column":30}},"2":{"start":{"line":8,"column":6},"end":{"line":8,"column":29}},"3":{"start":{"line":10,"column":6},"end":{"line":10,"column":61}}},"fnMap":{"0":{"name":"(anonymous_0)","decl":{"start":{"line":3,"column":15},"end":{"line":3,"column":16}},"loc":{"start":{"line":3,"column":33},"end":{"line":12,"column":1}},"line":3}},"branchMap":{"0":{"loc":{"start":{"line":4,"column":2},"end":{"line":11,"column":3}},"type":"switch","locations":[{"start":{"line":5,"column":4},"end":{"line":6,"column":30}},{"start":{"line":7,"column":4},"end":{"line":8,"column":29}},{"start":{"line":9,"column":4},"end":{"line":10,"column":61}}],"line":4}},"s":{"0":9,"1":6,"2":2,"3":1},"f":{"0":9},"b":{"0":[6,2,1]},"_coverageSchema":"1a1c01bbd47fc00a2c39e90264f33305004495a9","hash":"b960aee43541bc397e113de5d05203ab395b5bfc"}
,"/home/logan46/backend-project-46/src/formatters/index.js": {"path":"/home/logan46/backend-project-46/src/formatters/index.js","statementMap":{"0":{"start":{"line":5,"column":2},"end":{"line":14,"column":3}},"1":{"start":{"line":7,"column":6},"end":{"line":7,"column":32}},"2":{"start":{"line":9,"column":6},"end":{"line":9,"column":30}},"3":{"start":{"line":11,"column":6},"end":{"line":11,"column":39}},"4":{"start":{"line":13,"column":6},"end":{"line":13,"column":61}}},"fnMap":{"0":{"name":"(anonymous_0)","decl":{"start":{"line":4,"column":15},"end":{"line":4,"column":16}},"loc":{"start":{"line":4,"column":48},"end":{"line":15,"column":1}},"line":4}},"branchMap":{"0":{"loc":{"start":{"line":4,"column":27},"end":{"line":4,"column":43}},"type":"default-arg","locations":[{"start":{"line":4,"column":36},"end":{"line":4,"column":43}}],"line":4},"1":{"loc":{"start":{"line":5,"column":2},"end":{"line":14,"column":3}},"type":"switch","locations":[{"start":{"line":6,"column":4},"end":{"line":7,"column":32}},{"start":{"line":8,"column":4},"end":{"line":9,"column":30}},{"start":{"line":10,"column":4},"end":{"line":11,"column":39}},{"start":{"line":12,"column":4},"end":{"line":13,"column":61}}],"line":5}},"s":{"0":6,"1":2,"2":1,"3":2,"4":1},"f":{"0":6},"b":{"0":[0],"1":[2,1,2,1]},"_coverageSchema":"1a1c01bbd47fc00a2c39e90264f33305004495a9","hash":"e50b974478c89bc13b9d94685bc10958593615f6"}
,"/home/logan46/backend-project-46/src/formatters/plain.js": {"path":"/home/logan46/backend-project-46/src/formatters/plain.js","statementMap":{"0":{"start":{"line":1,"column":18},"end":{"line":10,"column":1}},"1":{"start":{"line":2,"column":2},"end":{"line":4,"column":3}},"2":{"start":{"line":3,"column":4},"end":{"line":3,"column":29}},"3":{"start":{"line":4,"column":4},"end":{"line":6,"column":3}},"4":{"start":{"line":5,"column":4},"end":{"line":5,"column":24}},"5":{"start":{"line":6,"column":4},"end":{"line":8,"column":3}},"6":{"start":{"line":7,"column":4},"end":{"line":7,"column":16}},"7":{"start":{"line":9,"column":2},"end":{"line":9,"column":20}},"8":{"start":{"line":12,"column":14},"end":{"line":32,"column":1}},"9":{"start":{"line":13,"column":17},"end":{"line":30,"column":17}},"10":{"start":{"line":13,"column":36},"end":{"line":30,"column":17}},"11":{"start":{"line":14,"column":22},"end":{"line":14,"column":42}},"12":{"start":{"line":16,"column":23},"end":{"line":16,"column":66}},"13":{"start":{"line":17,"column":6},"end":{"line":29,"column":7}},"14":{"start":{"line":19,"column":10},"end":{"line":19,"column":87}},"15":{"start":{"line":21,"column":10},"end":{"line":21,"column":54}},"16":{"start":{"line":24,"column":10},"end":{"line":24,"column":111}},"17":{"start":{"line":26,"column":10},"end":{"line":26,"column":54}},"18":{"start":{"line":28,"column":10},"end":{"line":28,"column":69}},"19":{"start":{"line":31,"column":2},"end":{"line":31,"column":30}}},"fnMap":{"0":{"name":"(anonymous_0)","decl":{"start":{"line":1,"column":18},"end":{"line":1,"column":19}},"loc":{"start":{"line":1,"column":29},"end":{"line":10,"column":1}},"line":1},"1":{"name":"(anonymous_1)","decl":{"start":{"line":12,"column":14},"end":{"line":12,"column":15}},"loc":{"start":{"line":12,"column":29},"end":{"line":32,"column":1}},"line":12},"2":{"name":"(anonymous_2)","decl":{"start":{"line":13,"column":17},"end":{"line":13,"column":18}},"loc":{"start":{"line":13,"column":36},"end":{"line":30,"column":17}},"line":13},"3":{"name":"(anonymous_3)","decl":{"start":{"line":14,"column":12},"end":{"line":14,"column":13}},"loc":{"start":{"line":14,"column":22},"end":{"line":14,"column":42}},"line":14},"4":{"name":"(anonymous_4)","decl":{"start":{"line":15,"column":9},"end":{"line":15,"column":10}},"loc":{"start":{"line":15,"column":19},"end":{"line":30,"column":5}},"line":15}},"branchMap":{"0":{"loc":{"start":{"line":2,"column":2},"end":{"line":4,"column":3}},"type":"if","locations":[{"start":{"line":2,"column":2},"end":{"line":4,"column":3}},{"start":{},"end":{}}],"line":2},"1":{"loc":{"start":{"line":2,"column":6},"end":{"line":2,"column":49}},"type":"binary-expr","locations":[{"start":{"line":2,"column":6},"end":{"line":2,"column":31}},{"start":{"line":2,"column":35},"end":{"line":2,"column":49}}],"line":2},"2":{"loc":{"start":{"line":4,"column":4},"end":{"line":6,"column":3}},"type":"if","locations":[{"start":{"line":4,"column":4},"end":{"line":6,"column":3}},{"start":{},"end":{}}],"line":4},"3":{"loc":{"start":{"line":6,"column":4},"end":{"line":8,"column":3}},"type":"if","locations":[{"start":{"line":6,"column":4},"end":{"line":8,"column":3}},{"start":{},"end":{}}],"line":6},"4":{"loc":{"start":{"line":16,"column":23},"end":{"line":16,"column":66}},"type":"cond-expr","locations":[{"start":{"line":16,"column":32},"end":{"line":16,"column":55}},{"start":{"line":16,"column":58},"end":{"line":16,"column":66}}],"line":16},"5":{"loc":{"start":{"line":17,"column":6},"end":{"line":29,"column":7}},"type":"switch","locations":[{"start":{"line":18,"column":8},"end":{"line":19,"column":87}},{"start":{"line":20,"column":8},"end":{"line":21,"column":54}},{"start":{"line":22,"column":8},"end":{"line":24,"column":111}},{"start":{"line":25,"column":8},"end":{"line":26,"column":54}},{"start":{"line":27,"column":8},"end":{"line":28,"column":69}}],"line":17}},"s":{"0":1,"1":13,"2":3,"3":10,"4":7,"5":3,"6":1,"7":2,"8":1,"9":2,"10":6,"11":19,"12":16,"13":16,"14":5,"15":2,"16":4,"17":4,"18":1,"19":2},"f":{"0":13,"1":2,"2":6,"3":19,"4":16},"b":{"0":[3,10],"1":[13,4],"2":[7,3],"3":[1,2],"4":[11,5],"5":[5,2,4,4,1]},"_coverageSchema":"1a1c01bbd47fc00a2c39e90264f33305004495a9","hash":"977ec7bd31f63ad2c32ac011b7c33d60685711d6"}
,"/home/logan46/backend-project-46/src/formatters/stylish.js": {"path":"/home/logan46/backend-project-46/src/formatters/stylish.js","statementMap":{"0":{"start":{"line":3,"column":19},"end":{"line":6,"column":1}},"1":{"start":{"line":4,"column":14},"end":{"line":4,"column":17}},"2":{"start":{"line":5,"column":2},"end":{"line":5,"column":35}},"3":{"start":{"line":8,"column":18},"end":{"line":15,"column":1}},"4":{"start":{"line":9,"column":2},"end":{"line":11,"column":3}},"5":{"start":{"line":10,"column":4},"end":{"line":10,"column":17}},"6":{"start":{"line":12,"column":15},"end":{"line":12,"column":33}},"7":{"start":{"line":13,"column":18},"end":{"line":13,"column":108}},"8":{"start":{"line":13,"column":36},"end":{"line":13,"column":107}},"9":{"start":{"line":14,"column":2},"end":{"line":14,"column":61}},"10":{"start":{"line":17,"column":16},"end":{"line":36,"column":1}},"11":{"start":{"line":18,"column":15},"end":{"line":34,"column":4}},"12":{"start":{"line":18,"column":32},"end":{"line":34,"column":4}},"13":{"start":{"line":19,"column":21},"end":{"line":19,"column":109}},"14":{"start":{"line":19,"column":38},"end":{"line":19,"column":109}},"15":{"start":{"line":20,"column":4},"end":{"line":33,"column":5}},"16":{"start":{"line":22,"column":8},"end":{"line":22,"column":39}},"17":{"start":{"line":24,"column":8},"end":{"line":24,"column":39}},"18":{"start":{"line":26,"column":8},"end":{"line":26,"column":39}},"19":{"start":{"line":28,"column":8},"end":{"line":28,"column":72}},"20":{"start":{"line":30,"column":8},"end":{"line":30,"column":123}},"21":{"start":{"line":32,"column":8},"end":{"line":32,"column":66}},"22":{"start":{"line":35,"column":2},"end":{"line":35,"column":46}}},"fnMap":{"0":{"name":"(anonymous_0)","decl":{"start":{"line":3,"column":19},"end":{"line":3,"column":20}},"loc":{"start":{"line":3,"column":30},"end":{"line":6,"column":1}},"line":3},"1":{"name":"(anonymous_1)","decl":{"start":{"line":8,"column":18},"end":{"line":8,"column":19}},"loc":{"start":{"line":8,"column":40},"end":{"line":15,"column":1}},"line":8},"2":{"name":"(anonymous_2)","decl":{"start":{"line":13,"column":27},"end":{"line":13,"column":28}},"loc":{"start":{"line":13,"column":36},"end":{"line":13,"column":107}},"line":13},"3":{"name":"(anonymous_3)","decl":{"start":{"line":17,"column":16},"end":{"line":17,"column":17}},"loc":{"start":{"line":17,"column":31},"end":{"line":36,"column":1}},"line":17},"4":{"name":"(anonymous_4)","decl":{"start":{"line":18,"column":15},"end":{"line":18,"column":16}},"loc":{"start":{"line":18,"column":32},"end":{"line":34,"column":4}},"line":18},"5":{"name":"(anonymous_5)","decl":{"start":{"line":18,"column":41},"end":{"line":18,"column":42}},"loc":{"start":{"line":18,"column":51},"end":{"line":34,"column":3}},"line":18},"6":{"name":"(anonymous_6)","decl":{"start":{"line":19,"column":21},"end":{"line":19,"column":22}},"loc":{"start":{"line":19,"column":38},"end":{"line":19,"column":109}},"line":19}},"branchMap":{"0":{"loc":{"start":{"line":8,"column":26},"end":{"line":8,"column":35}},"type":"default-arg","locations":[{"start":{"line":8,"column":34},"end":{"line":8,"column":35}}],"line":8},"1":{"loc":{"start":{"line":9,"column":2},"end":{"line":11,"column":3}},"type":"if","locations":[{"start":{"line":9,"column":2},"end":{"line":11,"column":3}},{"start":{},"end":{}}],"line":9},"2":{"loc":{"start":{"line":20,"column":4},"end":{"line":33,"column":5}},"type":"switch","locations":[{"start":{"line":21,"column":6},"end":{"line":22,"column":39}},{"start":{"line":23,"column":6},"end":{"line":24,"column":39}},{"start":{"line":25,"column":6},"end":{"line":26,"column":39}},{"start":{"line":27,"column":6},"end":{"line":28,"column":72}},{"start":{"line":29,"column":6},"end":{"line":30,"column":123}},{"start":{"line":31,"column":6},"end":{"line":32,"column":66}}],"line":20}},"s":{"0":1,"1":84,"2":84,"3":1,"4":54,"5":40,"6":14,"7":14,"8":18,"9":14,"10":1,"11":3,"12":11,"13":37,"14":36,"15":37,"16":10,"17":4,"18":6,"19":8,"20":8,"21":1,"22":3},"f":{"0":84,"1":54,"2":18,"3":3,"4":11,"5":37,"6":36},"b":{"0":[0],"1":[40,14],"2":[10,4,6,8,8,1]},"_coverageSchema":"1a1c01bbd47fc00a2c39e90264f33305004495a9","hash":"3d46981c5f92da29ff317674ea97f0e0f946f6e0"}
}
