TN:
SF:src/buildTree.js
FN:3,(anonymous_0)
FN:6,(anonymous_1)
FNF:2
FNH:2
FNDA:2,(anonymous_0)
FNDA:10,(anonymous_1)
DA:4,2
DA:5,2
DA:6,2
DA:7,10
DA:8,10
DA:9,10
DA:10,2
DA:12,8
DA:13,4
DA:15,4
DA:16,2
DA:20,2
LF:12
LH:12
BRDA:9,0,0,2
BRDA:9,0,1,8
BRDA:12,1,0,4
BRDA:12,1,1,4
BRDA:15,2,0,2
BRDA:15,2,1,2
BRF:6
BRH:6
end_of_record
TN:
SF:src/index.js
FN:7,(anonymous_0)
FN:8,(anonymous_1)
FN:10,(anonymous_2)
FNF:3
FNH:3
FNDA:4,(anonymous_0)
FNDA:4,(anonymous_1)
FNDA:2,(anonymous_2)
DA:7,4
DA:8,4
DA:10,1
DA:11,2
DA:12,2
DA:13,2
DA:14,2
DA:15,2
DA:16,2
DA:17,2
DA:18,2
LF:11
LH:11
BRF:0
BRH:0
end_of_record
TN:
SF:src/parsers.js
FN:3,(anonymous_0)
FNF:1
FNH:1
FNDA:5,(anonymous_0)
DA:4,5
DA:6,2
DA:8,2
DA:10,1
LF:4
LH:4
BRDA:4,0,0,2
BRDA:4,0,1,2
BRDA:4,0,2,1
BRF:3
BRH:3
end_of_record
TN:
SF:src/formatters/index.js
FN:1,(anonymous_0)
FN:3,(anonymous_1)
FNF:2
FNH:2
FNDA:3,(anonymous_0)
FNDA:11,(anonymous_1)
DA:2,3
DA:3,3
DA:4,11
DA:6,2
DA:8,4
DA:10,2
DA:12,2
DA:14,1
DA:17,2
LF:9
LH:9
BRDA:2,0,0,0
BRDA:2,0,1,3
BRDA:4,1,0,2
BRDA:4,1,1,4
BRDA:4,1,2,2
BRDA:4,1,3,2
BRDA:4,1,4,1
BRF:7
BRH:6
end_of_record
