TN:
SF:src/buildTree.js
FN:3,(anonymous_0)
FN:6,(anonymous_1)
FNF:2
FNH:2
FNDA:20,(anonymous_0)
FNDA:72,(anonymous_1)
DA:3,1
DA:4,20
DA:5,20
DA:6,20
DA:7,72
DA:8,72
DA:9,72
DA:10,20
DA:12,52
DA:13,8
DA:15,44
DA:16,16
DA:18,28
DA:19,16
DA:23,12
LF:15
LH:15
BRDA:9,0,0,20
BRDA:9,0,1,52
BRDA:12,1,0,8
BRDA:12,1,1,44
BRDA:15,2,0,16
BRDA:15,2,1,28
BRDA:15,3,0,44
BRDA:15,3,1,20
BRDA:18,4,0,16
BRDA:18,4,1,12
BRF:10
BRH:10
end_of_record
TN:
SF:src/index.js
FN:7,(anonymous_0)
FN:8,(anonymous_1)
FN:10,(anonymous_2)
FNF:3
FNH:3
FNDA:8,(anonymous_0)
FNDA:8,(anonymous_1)
FNDA:4,(anonymous_2)
DA:7,8
DA:8,8
DA:10,1
DA:11,4
DA:12,4
DA:13,4
DA:14,4
DA:15,4
DA:16,4
DA:17,4
DA:18,4
LF:11
LH:11
BRDA:10,0,0,1
BRF:1
BRH:1
end_of_record
TN:
SF:src/parsers.js
FN:3,(anonymous_0)
FNF:1
FNH:1
FNDA:9,(anonymous_0)
DA:4,9
DA:6,6
DA:8,2
DA:10,1
LF:4
LH:4
BRDA:4,0,0,6
BRDA:4,0,1,2
BRDA:4,0,2,1
BRF:3
BRH:3
end_of_record
TN:
SF:src/formatters/index.js
FN:4,(anonymous_0)
FNF:1
FNH:1
FNDA:6,(anonymous_0)
DA:5,6
DA:7,2
DA:9,1
DA:11,2
DA:13,1
LF:5
LH:5
BRDA:4,0,0,0
BRDA:5,1,0,2
BRDA:5,1,1,1
BRDA:5,1,2,2
BRDA:5,1,3,1
BRF:5
BRH:4
end_of_record
TN:
SF:src/formatters/plain.js
FN:1,(anonymous_0)
FN:12,(anonymous_1)
FN:13,(anonymous_2)
FN:14,(anonymous_3)
FN:15,(anonymous_4)
FNF:5
FNH:5
FNDA:13,(anonymous_0)
FNDA:2,(anonymous_1)
FNDA:6,(anonymous_2)
FNDA:19,(anonymous_3)
FNDA:16,(anonymous_4)
DA:1,1
DA:2,13
DA:3,3
DA:4,10
DA:5,7
DA:6,3
DA:7,1
DA:9,2
DA:12,1
DA:13,6
DA:14,19
DA:16,16
DA:17,16
DA:19,5
DA:21,2
DA:24,4
DA:26,4
DA:28,1
DA:31,2
LF:19
LH:19
BRDA:2,0,0,3
BRDA:2,0,1,10
BRDA:2,1,0,13
BRDA:2,1,1,4
BRDA:4,2,0,7
BRDA:4,2,1,3
BRDA:6,3,0,1
BRDA:6,3,1,2
BRDA:16,4,0,11
BRDA:16,4,1,5
BRDA:17,5,0,5
BRDA:17,5,1,2
BRDA:17,5,2,4
BRDA:17,5,3,4
BRDA:17,5,4,1
BRF:15
BRH:15
end_of_record
TN:
SF:src/formatters/stylish.js
FN:3,(anonymous_0)
FN:8,(anonymous_1)
FN:13,(anonymous_2)
FN:17,(anonymous_3)
FN:18,(anonymous_4)
FN:18,(anonymous_5)
FN:19,(anonymous_6)
FNF:7
FNH:7
FNDA:84,(anonymous_0)
FNDA:54,(anonymous_1)
FNDA:18,(anonymous_2)
FNDA:3,(anonymous_3)
FNDA:11,(anonymous_4)
FNDA:37,(anonymous_5)
FNDA:36,(anonymous_6)
DA:3,1
DA:4,84
DA:5,84
DA:8,1
DA:9,54
DA:10,40
DA:12,14
DA:13,18
DA:14,14
DA:17,1
DA:18,11
DA:19,37
DA:20,37
DA:22,10
DA:24,4
DA:26,6
DA:28,8
DA:30,8
DA:32,1
DA:35,3
LF:20
LH:20
BRDA:8,0,0,0
BRDA:9,1,0,40
BRDA:9,1,1,14
BRDA:20,2,0,10
BRDA:20,2,1,4
BRDA:20,2,2,6
BRDA:20,2,3,8
BRDA:20,2,4,8
BRDA:20,2,5,1
BRF:9
BRH:8
end_of_record
